ID                 Name                           Type            Industry             Phone          
--------------------------------------------------------------------------------------------------
001Pk00000kDpa7IAC Delaney Automotive of Dubois   Prospect        Automotive                          
001Pk00000hnJNPIA2 Don Wood Automotive Group      Prospect        Automotive                          
001Pk00000hdlJFIAY Ed Morse Automotive Group      Prospect        Automotive                          
001Pk00000gq0JvIAI Rydell Auto Group              Prospect        Automotive                          
001Pk00000gYwD1IAK Delaney Automotive of Indiana  Prospect        Automotive                          
001Pk00000gZ3ajIAC Delaney Automotive of Greensb  Prospect        Automotive                          
001Pk00000VR67YIAT Rairdon Auto Group             Customer        Automotive                          
001Pk00000SYPYZIA5 Pilson Auto Group              Prospect        Automotive                          
001Pk00000ReDOnIAN Keffer Automotive Group        Prospect        Automotive                          
001Pk00000RdxLjIAJ Sunset Auto Family             Prospect        Automotive                          
001Pk00000RavMwIAJ Griffin Automotive Group       Prospect        Automotive                          
001Pk00000Rap69IAB Jeff Belzer's Auto Group       Prospect        Automotive                          
001Pk00000RaihQIAR Speck Family Dealerships       Prospect        Automotive                          
001Pk00000RLlslIAD Family Car Group               Prospect        Automotive                          
001Pk00000LyMpdIAF Bergey’s Auto Group            Prospect        Automotive                          
001Pk00000I3SFFIA3 Delaney Automotive Group       Prospect        Automotive                          
001Pk00000Hiu05IAB Step One Automotive            Prospect        Automotive                          
001Pk00000Bl14mIAB Yaklin Auto Group              Prospect        Automotive                          
001Pk000006WaD0IAK Test                           Prospect        Automotive                          
001Pk000003T2fpIAC RubyCar                        Prospect        Automotive                          
001Pk000003FekzIAC RubyCar                        Prospect        Automotive                          
0015x00002MducSAAR All Star Auto Group            Prospect        Automotive                          
0015x00002Mdhn1AAB Willis Automotive              Prospect        Automotive                          
0015x00002Mdi63AAB Wilkins Automotive             Prospect        Automotive                          
0015x00002Mdi62AAB Wilde Auto Group               Prospect        Automotive                          
0015x00002Mdi59AAB White Automotive Group         Prospect        Automotive                          
0015x00002Mdi1aAAB Volkswagen Auto Group          Prospect        Automotive                          
0015x00002MdhzEAAR Unmansky Automotive Group      Prospect        Automotive                          
0015x00002MdhxXAAR Turner Automotive Group        Prospect        Automotive                          
0015x00002MdhpaAAB Troncalli Automotive Group     Prospect        Automotive                          
0015x00002Mdhn0AAB Trinity Dodge Inc.             Prospect        Automotive                          
0015x00002MdhowAAB Tri-County Auto Group          Prospect        Automotive                          
0015x00002MdhpZAAR Team Toyota Auto Group         Prospect        Automotive                          
0015x00002MdhlJAAR Team Gillman Auto Group        Prospect        Automotive                          
0015x00002MdhovAAB Tata Motors                    Prospect        Automotive                          
0015x00002MdhfDAAR Step One Automotive            Prospect        Automotive                          
0015x00002MdhnYAAR Salerno Duane Auto Group       Prospect        Automotive                          
0015x00002MdhmzAAB Ramsey Auto Group              Prospect        Automotive                          
0015x00002MdhlIAAR Progressive Auto Group         Prospect        Automotive                          
0015x00002MdhkGAAR Pittman Enterprise             Prospect        Automotive                          
0015x00002MdhkFAAR Pecheles Automotive Group      Prospect        Automotive                          
0015x00002MdhRwAAJ Page Auto Group                Prospect        Automotive                          
0015x00002MdhT3AAJ Orr Auto                       Prospect        Automotive                          
0015x00002MdhSeAAJ O'Brien Automotive Team        Prospect        Automotive                          
0015x00002MdhRvAAJ Nalley Automotive Group        Prospect        Automotive                          
0015x00002MdhRRAAZ Muller Auto Group              Prospect        Automotive                          
0015x00002MdhR7AAJ Molle Automotive Group         Prospect        Automotive                          
0015x00002MdhPGAAZ Meredith Auto Group            Prospect        Automotive                          
0015x00002MdhNeAAJ McSweeney Automoitve Group II  Prospect        Automotive                          
0015x00002MdhDvAAJ McGrath Automotive Group       Prospect        Automotive                          
0015x00002MdhB3AAJ Matt Bowers Auto Group         Prospect        Automotive                          
0015x00002MdhAoAAJ Lou Fusz Automotive Network    Prospect        Automotive                          
0015x00002MdgwjAAB Long Beach Auto Company        Prospect        Automotive                          
0015x00002MdgocAAB Kiefer Automotive Group        Prospect        Automotive                          
0015x00002Mdgn0AAB Key Auto Group                 Prospect        Automotive                          
0015x00002Mdgc5AAB Johnson Automotive Group       Prospect        Automotive                          
0015x00002MdgfTAAR Joe Cooper Auto Group          Prospect        Automotive                          
0015x00002MdgZQAAZ JKC Automotive Group           Prospect        Automotive                          
0015x00002Mdgc4AAB Jim Trenary Auto               Prospect        Automotive                          
0015x00002MdgbLAAR Jim Hudson Automotive Group    Prospect        Automotive                          
0015x00002MdgO5AAJ Jim Butler Auto Group          Prospect        Automotive                          
0015x00002MdgXxAAJ Jack Giambalvo Family of Deal  Prospect        Automotive                          
0015x00002MdgQKAAZ Hudson Automotive Group        Prospect        Automotive                          
0015x00002MdgPHAAZ Hoffman Auto Group             Prospect        Automotive                          
0015x00002MdgO4AAJ Herrin-Gear Automotive Group   Prospect        Automotive                          
0015x00002MdgJkAAJ Harper Auto Sqaure             Prospect        Automotive                          
0015x00002Mdg7cAAB Haddad Auto Group              Prospect        Automotive                          
0015x00002MdgFTAAZ Gwinnett Automotive Holdings   Prospect        Automotive                          
0015x00002MdfwaAAB Grieco Automotive Group        Prospect        Automotive                          
0015x00002MdfwQAAR Geely Holding                  Prospect        Automotive                          
0015x00002MdfvXAAR Five Star Automotive Group     Prospect        Automotive                          
0015x00002MdfuZAAR Fifth Wave Auto                Prospect        Automotive                          
0015x00002MdfDlAAJ Fiat Chrysler Automobiles      Prospect        Automotive                          
0015x00002MdfDHAAZ Fabre Automotive               Prospect        Automotive                          
0015x00002MdfAFAAZ Ettleson Auto Group            Prospect        Automotive                          
0015x00002Mdf7kAAB Eide Auto Group                Prospect        Automotive                          
0015x00002Mdf34AAB Deery Auto Group               Prospect        Automotive                          
0015x00002MdeyQAAR Continental Automotive Group   Prospect        Automotive                          
0015x00002MdewkAAB Central Automotive Group       Prospect        Automotive                          
0015x00002MdevRAAR Central Auto Team              Prospect        Automotive                          
0015x00002Mdev7AAB Cactus Jack's Auto             Prospect        Automotive                          
0015x00002MdeuYAAR Blake Fulenwider Automotive G  Prospect        Automotive                          
0015x00002MdetpAAB Bert Ogden Auto Group          Prospect        Automotive                          
0015x00002MdeqMAAR Royal Automotive Group         Prospect        Automotive                          
0015x00002MdemHAAR The Bill Vince Auto Group      Prospect        Automotive                          
0015x00002MdedCAAR Lindsay Automotive             Prospect        Automotive                          
0015x00002MdeWzAAJ Jenkins Auto Group             Prospect        Automotive                          
0015x00002MdeUyAAJ Patrick Dealer Group           Prospect        Automotive                          
0015x00002MdeSLAAZ Davis Dealerships              Prospect        Automotive                          
0015x00002MdeRIAAZ Bill Cole Automotive Group     Prospect        Automotive                          
0015x00002MdeQ0AAJ Lawrence Auto Group            Prospect        Automotive                          
0015x00002MdeKRAAZ Bright Bay Automotive Group    Prospect        Automotive                          
0015x00002MdeGHAAZ Atlantic Automotive Group      Prospect        Automotive                          
0015x00002MFXcYAAX Ball Automotive Group          Prospect        Automotive                          
0015x00002LSgtoAAD Lithia Motors Inc.             Prospect        Automotive           (541) 776-6401 
0015x00002LSgu0AAD Gettel Automotive              Prospect        Automotive           (941) 921-2655 
0015x00002LSgu1AAD Tuttle-Click Automotive Group  Prospect        Automotive           (949) 598-4800 
0015x00002LSgu2AAD Phil Smith Automotive Group    Prospect        Automotive           (954) 867-1234 
0015x00002LSgu3AAD Ray Skillman Auto Group        Prospect        Automotive           (317) 888-9500 
0015x00002LSgu4AAD Phil Long Dealerships          Prospect        Automotive           (719) 575-7000 
0015x00002LSgu5AAD American Motors Group          Prospect        Automotive           (408) 260-9300 
0015x00002LSgu6AAD Great Lakes Auto Group         Prospect        Automotive           (877) 600-9806 
0015x00002LSgu8AAD Bob Moore Auto Group           Prospect        Automotive           (405) 605-2363 
0015x00002LSgu9AAD Betten Baker Auto Group        Prospect        Automotive           (231) 759-5875 
0015x00002LSguAAAT Springhill Automotive Group    Prospect        Automotive           (251) 478-3300 
0015x00002LSguBAAT FRL Automotive                 Prospect        Automotive           (305) 652-6500 
0015x00002LSgtxAAD Bob Johnson Auto Group         Prospect        Automotive           (585) 413-9302 
0015x00002LSgtwAAD Car Pros Automotive Group      Prospect        Automotive           (425) 277-4228 
0015x00002LSgtvAAD Mac Haik Auto Group            Prospect        Automotive           (713) 932-5000 
0015x00002LSgtuAAD Rick Case Automotive Group     Prospect        Automotive           (954) 622-1700 
0015x00002LSgttAAD Victory Automotive Group       Prospect        Automotive           (734) 495-3500 
0015x00002LSgtsAAD Serra Automotive Inc.          Prospect        Automotive           (810) 936-2730 
0015x00002LSgtrAAD David Wilson Automotive Group  Prospect        Automotive           (714) 639-6750 
0015x00002LSgtqAAD Ken Garff Automotive Group     Prospect        Automotive           (801) 257-3400 
0015x00002LSgtpAAD Sonic Automotive Inc.          Prospect        Automotive           (704) 566-2400 
0015x00002LSgtyAAD Open Road Auto Group           Prospect        Automotive           (732) 650-1550 
0015x00002LSglHAAT Preston Auto Group             Prospect        Automotive           (888) 920-5710 
0015x00002LSglIAAT Ron Marhofer Auto Family       Prospect        Automotive           (330) 688-6644 
0015x00002LSglJAAT Castle Automotive Group        Prospect        Automotive           (630) 601-6611 
0015x00002LSglKAAT Bakhtiari Auto Group           Prospect        Automotive           (408) 984-2001 
0015x00002LSglLAAT Starling Automotive Group      Prospect        Automotive           (407) 301-6699 
0015x00002LSglMAAT Gunn Automotive Group          Prospect        Automotive           (210) 472-2501 
0015x00002LSglNAAT Capitol Auto Group             Prospect        Automotive           (503) 585-4141 
0015x00002LSglOAAT AutoFocus Inc.                 Prospect        Automotive           (408) 819-0460 
0015x00002LSgl9AAD Curry Automotive               Prospect        Automotive           (914) 725-3500 
0015x00002LSgjPAAT AutoNation Inc.                Prospect        Automotive           (954) 769-7000 
0015x00002LSgjQAAT Penske Automotive Group        Prospect        Automotive           (248) 648-2500 
0015x00002LSgjRAAT Group 1 Automotive             Prospect        Automotive           (713) 647-5700 
0015x00002LSgjSAAT Asbury Automotive Group Inc.   Prospect        Automotive           (770) 418-8200 
0015x00002LSgjTAAT Hendrick Automotive Group      Prospect        Automotive           (704) 568-5550 
0015x00002LSgjUAAT Morgan Auto Group              Prospect        Automotive           (813) 434-1982 
0015x00002LSgjVAAT Staluppi Auto Group            Prospect        Automotive           (561) 844-7148 
0015x00002LSgjWAAT Servco Pacific Inc.            Prospect        Automotive           (808) 564-1300 
0015x00002LSgjXAAT Ken Ganley Automotive Group    Prospect        Automotive           (440) 262-2950 
0015x00002LSgjYAAT Keating Auto Group             Prospect        Automotive           (361) 485-0569 
0015x00002LSgjZAAT Ourisman Automotive Group      Prospect        Automotive           (301) 423-4000 
0015x00002LSgjaAAD Greenway Automotive            Prospect        Automotive           (407) 275-3200 
0015x00002LSgjbAAD Napleton Automotive Group      Prospect        Automotive           (630) 530-3955 
0015x00002LSgjcAAD Findlay Automotive Group       Prospect        Automotive           (702) 558-8888 
0015x00002LSgjdAAD McLarty Automotive Group       Prospect        Automotive           (501) 374-4464 
0015x00002LSgjeAAD Jim Koons Automotive Cos.      Prospect        Automotive           (703) 448-7000 
0015x00002LSgjfAAD Jeff Wyler Automotive Family   Prospect        Automotive           (513) 752-7450 
0015x00002LSgjgAAD LaFontaine Automotive Group    Prospect        Automotive           (248) 887-4747 
0015x00002LSgjhAAD Holman                         Prospect        Automotive           (856) 663-5200 
0015x00002LSgjiAAD Walser Automotive Group        Prospect        Automotive           (952) 929-3535 
0015x00002LSgjjAAD Herb Chambers Cos.             Prospect        Automotive           (617) 666-8333 
0015x00002LSgjkAAD The CAR Group                  Prospect        Automotive           (562) 809-3705 
0015x00002LSgjlAAD Sheehy Auto Stores             Prospect        Automotive           (703) 802-3480 
0015x00002LSgjmAAD Earnhardt Auto Centers         Prospect        Automotive           (480) 893-0000 
0015x00002LSgjnAAD Baxter Auto Group              Prospect        Automotive           (402) 964-4282 
0015x00002LSgjoAAD DARCARS Automotive Group       Prospect        Automotive           (301) 625-5700 
0015x00002LSgjpAAD RML Automotive                 Prospect        Automotive           (469) 671-0730 
0015x00002LSgjqAAD Potamkin Automotive Group Inc  Prospect        Automotive           (305) 779-4061 
0015x00002LSgjrAAD Gee Automotive Cos.            Prospect        Automotive           (503) 261-5100 
0015x00002LSgjsAAD Kahlig Auto Group              Prospect        Automotive           (210) 426-3350 
0015x00002LSgjtAAD Cavender Auto Family           Prospect        Automotive           (210) 681-6601 
0015x00002LSgjuAAD Performance Automotive Networ  Prospect        Automotive           (513) 870-5000 
0015x00002LSgjvAAD Chapman Automotive Group       Prospect        Automotive           (480) 970-0740 
0015x00002LSgjwAAD Premier Automotive             Prospect        Automotive           (504) 940-0000 
0015x00002LSgjxAAD Pohanka Automotive Group       Prospect        Automotive           (703) 502-3763 
0015x00002LSgjyAAD Swickard Auto Group            Prospect        Automotive           (503) 454-5000 
0015x00002LSgjzAAD Feldman Automotive Group       Prospect        Automotive           (248) 573-0321 
0015x00002LSgk0AAD Summit Automotive Partners     Prospect        Automotive           (303) 209-3965 
0015x00002LSgk1AAD Ciocca Dealerships             Prospect        Automotive           (484) 656-0229 
0015x00002LSgk2AAD Envision Motors                Prospect        Automotive           (626) 859-1200 
0015x00002LSgk3AAD Fox Motors                     Prospect        Automotive           (616) 774-4044 
0015x00002LSgk4AAD Priority Auto Group            Prospect        Automotive           (757) 366-5000 
0015x00002LSgk5AAD Shottenkirk Automotive Group   Prospect        Automotive           (319) 601-9265 
0015x00002LSgk6AAD Rohrman Automotive Group       Prospect        Automotive           (224) 857-8516 
0015x00002LSgk7AAD #1 Cochran Automotive          Prospect        Automotive           (877) 262-4726 
0015x00002LSgk8AAD Del Grande Dealer Group        Prospect        Automotive           (408) 979-3706 
0015x00002LSgk9AAD Sullivan Automotive Group      Prospect        Automotive           (310) 829-1888 
0015x00002LSgkAAAT Bomnin Automotive Group        Prospect        Automotive           (305) 235-8200 
0015x00002LSgkBAAT Galpin Motors Inc.             Prospect        Automotive           (818) 787-3800 
0015x00002LSgkCAAT Island Auto Group              Prospect        Automotive           (718) 979-0934 
0015x00002LSgkDAAT McGovern Automotive Group      Prospect        Automotive           (617) 928-5400 
0015x00002LSgkEAAT World Class Automotive Group   Prospect        Automotive           (214) 379-1434 
0015x00002LSgkFAAT Empire Automotive Group        Prospect        Automotive           (631) 470-1700 
0015x00002LSgkGAAT McCombs Automotive             Prospect        Automotive           (210) 821-6523 
0015x00002LSgkHAAT Krause Auto Group              Prospect        Automotive           (770) 649-5124 
0015x00002LSgkIAAT Anderson Automotive Group      Prospect        Automotive           (919) 787-0099 
0015x00002LSgkJAAT Balise Motor Sales Co.         Prospect        Automotive           (413) 733-8604 
0015x00002LSgkKAAT Fitzgerald Auto Malls          Prospect        Automotive           (301) 881-4000 
0015x00002LSgkLAAT Germain Motor Co.              Prospect        Automotive           (614) 383-4967 
0015x00002LSgkMAAT Carter Myers Automotive        Prospect        Automotive           (434) 220-8815 
0015x00002LSgkNAAT Bommarito Automotive Group     Prospect        Automotive           (636) 391-7200 
0015x00002LSgkOAAT Garber Management Group        Prospect        Automotive           (989) 790-9090 
0015x00002LSgkPAAT Bergstrom Automotive           Prospect        Automotive           (920) 725-4444 
0015x00002LSgkQAAT Sam Pack Automotive Group      Prospect        Automotive           (888) 478-0654 
0015x00002LSgkRAAT Morrie’s Automotive Group      Prospect        Automotive           (952) 544-0376 
0015x00002LSgkSAAT Mullinax Automotive            Prospect        Automotive           (407) 889-7600 
0015x00002LSgkTAAT Price Family Dealerships       Prospect        Automotive           (415) 814-0558 
0015x00002LSgkUAAT Ferman Automotive Group        Prospect        Automotive           (813) 251-2765 
0015x00002LSgkVAAT Page Auto                      Prospect        Automotive           (954) 509-3260 
0015x00002LSgkWAAT Safford Automotive Group       Prospect        Automotive           (703) 866-1700 
0015x00002LSgkXAAT Brandon Steven Motors          Prospect        Automotive           (316) 689-4350 
0015x00002LSgkYAAT Ancira Enterprises             Prospect        Automotive           (210) 558-5324 
0015x00002LSgkZAAT Bob Loquercio Auto Group       Prospect        Automotive           (773) 728-5000 
0015x00002LSgkaAAD Rosenthal Automotive Organiza  Prospect        Automotive           (703) 553-4300 
0015x00002LSgkbAAD Huffines Auto Dealerships      Prospect        Automotive           (972) 867-6000 
0015x00002LSgkcAAD Hiley Automotive Group         Prospect        Automotive           (817) 632-8800 
0015x00002LSgkdAAD Kunes Auto Group               Prospect        Automotive           (262) 728-5544 
0015x00002LSgkeAAD Gillman Cos.                   Prospect        Automotive           (713) 776-7000 
0015x00002LSgkfAAD Napleton Auto Group            Prospect        Automotive           (847) 825-1800 
0015x00002LSgkgAAD Gilchrist Automotive           Prospect        Automotive           (817) 596-5700 
0015x00002LSgkhAAD Holler-Classic Automotive Gro  Prospect        Automotive           (407) 645-1331 
0015x00002LSgkiAAD Serra Automotive Group         Prospect        Automotive           (205) 836-6775 
0015x00002LSgkjAAD Shelly Automotive Group        Prospect        Automotive           (949) 387-8243 
0015x00002LSgkkAAD Wallace Automotive Group       Prospect        Automotive           (772) 287-3232 
0015x00002LSgklAAD Bayway Auto Group Inc.         Prospect        Automotive           (281) 929-6500 
0015x00002LSgkmAAD Plaza Auto Mall                Prospect        Automotive           (718) 253-8400 
0015x00002LSgknAAD Georgica Auto Holdings         Prospect        Automotive           (917) 826-8116 
0015x00002LSgkoAAD Blaise Alexander Family Deale  Prospect        Automotive           (267) 393-0762 
0015x00002LSgkpAAD Young Automotive Group         Prospect        Automotive           (801) 544-1234 
0015x00002LSgkqAAD Rusnak Auto Group              Prospect        Automotive           (626) 449-0770 
0015x00002LSgkrAAD Byers Automotive Group         Prospect        Automotive           (614) 228-5111 
0015x00002LSgksAAD Murgado Automotive Group       Prospect        Automotive           (305) 856-3000 
0015x00002LSgktAAD Hertrich Family of Auto Deale  Prospect        Automotive           (302) 629-5100 
0015x00002LSgkuAAD Boucher Group Inc.             Prospect        Automotive           (414) 427-4141 
0015x00002LSgkvAAD Chapman Auto Group             Prospect        Automotive           (267) 960-1700 
0015x00002LSgkwAAD Golling Automotive Group       Prospect        Automotive           (248) 334-3600 
0015x00002LSgkxAAD Healey Brothers Automotive Gr  Prospect        Automotive           (845) 294-4630 
0015x00002LSgkyAAD Bowers Automotive Group        Prospect        Automotive           (423) 664-5790 
0015x00002LSgkzAAD Courtesy Automotive Group      Prospect        Automotive           (602) 279-3232 
0015x00002LSgl0AAD Criswell Automotive            Prospect        Automotive           (301) 948-0880 
0015x00002LSgl1AAD John Elway Dealerships         Prospect        Automotive           (602) 381-6594 
0015x00002LSgl2AAD Romano Auto Dealerships        Prospect        Automotive           (315) 637-4491 
0015x00002LSgl3AAD Cooper Auto Group              Prospect        Automotive           (405) 242-6150 
0015x00002LSgl4AAD Headquarter Automotive         Prospect        Automotive           (305) 423-4616 
0015x00002LSgl5AAD Peterson Auto Group            Prospect        Automotive           (208) 378-9000 
0015x00002LSgl6AAD Martin Management Group        Prospect        Automotive           (270) 783-8080 
0015x00002LSgl7AAD Principle Auto                 Prospect        Automotive           (210) 437-3977 
0015x00002LSgl8AAD JG Auto Group                  Prospect        Automotive           (210) 829-1800 
0015x00002LSglAAAT Kelly Automotive Group         Prospect        Automotive           (978) 774-1000 
0015x00002LSglBAAT Fletcher Auto Group            Prospect        Automotive           (501) 352-3954 
0015x00002LSglCAAT Richardson & Partners          Prospect        Automotive           (505) 292-0000 
0015x00002LSglDAAT Dobbs Family Automotive        Prospect        Automotive           (901) 552-4932 
0015x00002LSglEAAT Sames Automotive Group         Prospect        Automotive           (956) 721-4700 
0015x00002LSglFAAT ZT Motors Group                Prospect        Automotive           (713) 804-6135 
0015x00002LSglGAAT Russ Darrow Group Inc.         Prospect        Automotive           (262) 250-9600 
0015x00002KzD9xAAF TommyCar Auto Group            Prospect        Automotive                          
0015x00002Ky0PwAAJ Bill Cole Automall Ashland     Prospect        Automotive                          
0015x00002Ky0NbAAJ Bill Cole Automall Bluefield   Prospect        Automotive                          
0015x00002Js1aWAAR Hi Tech Motorcars              Prospect        Automotive                          
0015x00002J2MuFAAV Pittman Cars                   Prospect        Automotive                          
0015x00002HKZrQAAX Farrish of Fairfax             Prospect        Automotive                          
0015x00002FUtb9AAD McGrath Imports                Prospect        Automotive                          
0015x00002ErNamAAF Bennett Automotive Group       Prospect        Automotive                          
0015x00002DyE2YAAV Ed Morse Automotive Brand      Prospect        Automotive                          
0015x00002Dx3U4AAJ Van York Auto Group            Prospect        Automotive                          
0015x00002DwpaKAAR Suburban Imports of Troy       Prospect        Automotive                          
0015x00002D8V7YAAV Halterman's Automotive Group   Prospect        Automotive                          
0015x00002D6whHAAR Bobby Rahal Automotive Group   Prospect        Automotive                          
0015x00002AkiF3AAJ Key Auto Mall                  Prospect        Automotive                          
0015x00002ASJB6AAP Penske West Cars               Prospect        Automotive                          
0015x000029wbI6AAI CarShop                        Prospect        Automotive                          
0015x000029wbETAAY Carhop                         Prospect        Automotive                          
0015x0000291aVPAAY Luther Automotive              Inactive Custo  Automotive                          
0015x000027XfeVAAS Serra Express                  Prospect        Automotive                          
0015x000027UA7GAAW Fletcher Jones Automotive Gro  Inactive Custo  Automotive                          
0015x000026qC4nAAE Serra Champaign                Prospect        Automotive                          
0015x000026Odt5AAC Berkshire Hathaway Automotive  Prospect        Automotive                          
0015x0000262lKJAAY Greenway of the Shoals         Prospect        Automotive                          
0015x0000262YFsAAM Sunroad Auto Group             Prospect        Automotive                          
0015x000025qg1rAAA Lou Fusz Auto Group            Prospect        Automotive                          
0015x000025oCtoAAE Hanover Auto Team              Prospect        Automotive                          
001f2000023RUzPAAW Jim Coleman Auto Group         Prospect        Automotive                          
001f2000023R9KRAA0 Freedom Automotive Group       Prospect        Automotive                          
